<?xml version="1.0" encoding="UTF-8"?>
<!-- Generated by org.testng.reporters.JUnitReportReporter -->
<testsuite hostname="LAPTOP-IAG65HB2" failures="0" tests="1" name="org.testing.TestScripts.TC9_Putrequest1" time="0.029" errors="0" timestamp="2023-04-04T12:52:27 IST" skipped="0">
  <testcase classname="org.testing.TestScripts.TC9_Putrequest1" name="testcase9" time="0.029"/>
  <system-out/>
</testsuite> <!-- org.testing.TestScripts.TC9_Putrequest1 -->
