<?xml version="1.0" encoding="UTF-8"?>
<!-- Generated by org.testng.reporters.JUnitReportReporter -->
<testsuite hostname="LAPTOP-IAG65HB2" failures="0" tests="1" name="org.testing.TestScripts.TC4_Putrequest" time="0.046" errors="0" timestamp="2023-04-04T12:52:27 IST" skipped="0">
  <testcase classname="org.testing.TestScripts.TC4_Putrequest" name="testcase4" time="0.046"/>
  <system-out/>
</testsuite> <!-- org.testing.TestScripts.TC4_Putrequest -->
