<?xml version="1.0" encoding="UTF-8"?>
<!-- Generated by org.testng.reporters.JUnitReportReporter -->
<testsuite hostname="LAPTOP-IAG65HB2" failures="0" tests="1" name="org.testing.TestScripts.TC5_DeleteRequest" time="0.030" errors="0" timestamp="2023-04-02T22:47:12 IST" skipped="0">
  <testcase classname="org.testing.TestScripts.TC5_DeleteRequest" name="testcase5" time="0.030"/>
  <system-out/>
</testsuite> <!-- org.testing.TestScripts.TC5_DeleteRequest -->
