<?xml version="1.0" encoding="UTF-8"?>
<!-- Generated by org.testng.reporters.JUnitReportReporter -->
<testsuite hostname="LAPTOP-IAG65HB2" failures="0" tests="1" name="org.testing.TestScripts.TC7_Getallrequest1" time="0.050" errors="0" timestamp="2023-04-02T22:47:12 IST" skipped="0">
  <testcase classname="org.testing.TestScripts.TC7_Getallrequest1" name="testcase7" time="0.050"/>
  <system-out/>
</testsuite> <!-- org.testing.TestScripts.TC7_Getallrequest1 -->
